CRITICAL - 2023-01-28 07:43:06 --> Trying to access array offset on value of type null
in APPPATH\Views\templates\navbar.php on line 12.
 1 APPPATH\Views\templates\navbar.php(12): CodeIgniter\Debug\Exceptions->errorHandler(2, 'Trying to access array offset on value of type null', 'APPPATH\\Views\\templates\\navbar.php', 12)
 2 APPPATH\Views\projekte.php(39): include('APPPATH\\Views\\templates\\navbar.php')
 3 SYSTEMPATH\View\View.php(213): include('APPPATH\\Views\\projekte.php')
 4 SYSTEMPATH\View\View.php(216): CodeIgniter\View\View->CodeIgniter\View\{closure}()
 5 SYSTEMPATH\Common.php(1135): CodeIgniter\View\View->render('projekte', [], true)
 6 APPPATH\Controllers\Projekte.php(15): view('projekte', [...])
 7 SYSTEMPATH\CodeIgniter.php(925): App\Controllers\Projekte->index()
 8 SYSTEMPATH\CodeIgniter.php(480): CodeIgniter\CodeIgniter->runController(Object(App\Controllers\Projekte))
 9 SYSTEMPATH\CodeIgniter.php(349): CodeIgniter\CodeIgniter->handleRequest(null, Object(Config\Cache), false)
10 FCPATH\index.php(67): CodeIgniter\CodeIgniter->run()
CRITICAL - 2023-01-28 07:43:43 --> Trying to access array offset on value of type null
in APPPATH\Views\templates\navbar.php on line 12.
 1 APPPATH\Views\templates\navbar.php(12): CodeIgniter\Debug\Exceptions->errorHandler(2, 'Trying to access array offset on value of type null', 'APPPATH\\Views\\templates\\navbar.php', 12)
 2 APPPATH\Views\projekte.php(39): include('APPPATH\\Views\\templates\\navbar.php')
 3 SYSTEMPATH\View\View.php(213): include('APPPATH\\Views\\projekte.php')
 4 SYSTEMPATH\View\View.php(216): CodeIgniter\View\View->CodeIgniter\View\{closure}()
 5 SYSTEMPATH\Common.php(1135): CodeIgniter\View\View->render('projekte', [], true)
 6 APPPATH\Controllers\Projekte.php(15): view('projekte', [...])
 7 SYSTEMPATH\CodeIgniter.php(925): App\Controllers\Projekte->index()
 8 SYSTEMPATH\CodeIgniter.php(480): CodeIgniter\CodeIgniter->runController(Object(App\Controllers\Projekte))
 9 SYSTEMPATH\CodeIgniter.php(349): CodeIgniter\CodeIgniter->handleRequest(null, Object(Config\Cache), false)
10 FCPATH\index.php(67): CodeIgniter\CodeIgniter->run()
ERROR - 2023-01-28 08:04:49 --> mysqli_sql_exception: You have an error in your SQL syntax; check the manual that corresponds to your MariaDB server version for the right syntax to use near 'JOIN aufgaben_projekt ON aufgaben.id = aufgaben_projekt.aufgaben_id and aufga...' at line 1 in C:\xampp\htdocs\we-vorlesung\ci\system\Database\MySQLi\Connection.php:292
Stack trace:
#0 C:\xampp\htdocs\we-vorlesung\ci\system\Database\MySQLi\Connection.php(292): mysqli->query('DELETE FROM auf...', 0)
#1 C:\xampp\htdocs\we-vorlesung\ci\system\Database\BaseConnection.php(666): CodeIgniter\Database\MySQLi\Connection->execute('DELETE FROM auf...')
#2 C:\xampp\htdocs\we-vorlesung\ci\system\Database\BaseConnection.php(593): CodeIgniter\Database\BaseConnection->simpleQuery('DELETE FROM auf...')
#3 C:\xampp\htdocs\we-vorlesung\ci\app\Models\ProjektModel.php(34): CodeIgniter\Database\BaseConnection->query('DELETE FROM auf...')
#4 C:\xampp\htdocs\we-vorlesung\ci\app\Controllers\Projekte.php(35): App\Models\ProjektModel->delete_projekt_by_id('10')
#5 C:\xampp\htdocs\we-vorlesung\ci\system\CodeIgniter.php(925): App\Controllers\Projekte->edit_projekt()
#6 C:\xampp\htdocs\we-vorlesung\ci\system\CodeIgniter.php(480): CodeIgniter\CodeIgniter->runController(Object(App\Controllers\Projekte))
#7 C:\xampp\htdocs\we-vorlesung\ci\system\CodeIgniter.php(349): CodeIgniter\CodeIgniter->handleRequest(NULL, Object(Config\Cache), false)
#8 C:\xampp\htdocs\we-vorlesung\ci\public\index.php(67): CodeIgniter\CodeIgniter->run()
#9 {main}
CRITICAL - 2023-01-28 08:04:49 --> You have an error in your SQL syntax; check the manual that corresponds to your MariaDB server version for the right syntax to use near 'JOIN aufgaben_projekt ON aufgaben.id = aufgaben_projekt.aufgaben_id and aufga...' at line 1
in SYSTEMPATH\Database\MySQLi\Connection.php on line 292.
 1 SYSTEMPATH\Database\MySQLi\Connection.php(292): mysqli->query('DELETE FROM aufgaben JOIN aufgaben_projekt ON aufgaben.id = aufgaben_projekt.aufgaben_id and aufgaben_projekt.projekt_id =10', 0)
 2 SYSTEMPATH\Database\BaseConnection.php(666): CodeIgniter\Database\MySQLi\Connection->execute('DELETE FROM aufgaben JOIN aufgaben_projekt ON aufgaben.id = aufgaben_projekt.aufgaben_id and aufgaben_projekt.projekt_id =10')
 3 SYSTEMPATH\Database\BaseConnection.php(593): CodeIgniter\Database\BaseConnection->simpleQuery('DELETE FROM aufgaben JOIN aufgaben_projekt ON aufgaben.id = aufgaben_projekt.aufgaben_id and aufgaben_projekt.projekt_id =10')
 4 APPPATH\Models\ProjektModel.php(34): CodeIgniter\Database\BaseConnection->query('DELETE FROM aufgaben JOIN aufgaben_projekt ON aufgaben.id = aufgaben_projekt.aufgaben_id and aufgaben_projekt.projekt_id =10')
 5 APPPATH\Controllers\Projekte.php(35): App\Models\ProjektModel->delete_projekt_by_id('10')
 6 SYSTEMPATH\CodeIgniter.php(925): App\Controllers\Projekte->edit_projekt()
 7 SYSTEMPATH\CodeIgniter.php(480): CodeIgniter\CodeIgniter->runController(Object(App\Controllers\Projekte))
 8 SYSTEMPATH\CodeIgniter.php(349): CodeIgniter\CodeIgniter->handleRequest(null, Object(Config\Cache), false)
 9 FCPATH\index.php(67): CodeIgniter\CodeIgniter->run()
CRITICAL - 2023-01-28 08:05:08 --> Trying to access array offset on value of type null
in APPPATH\Views\templates\navbar.php on line 12.
 1 APPPATH\Views\templates\navbar.php(12): CodeIgniter\Debug\Exceptions->errorHandler(2, 'Trying to access array offset on value of type null', 'APPPATH\\Views\\templates\\navbar.php', 12)
 2 APPPATH\Views\projekte.php(39): include('APPPATH\\Views\\templates\\navbar.php')
 3 SYSTEMPATH\View\View.php(213): include('APPPATH\\Views\\projekte.php')
 4 SYSTEMPATH\View\View.php(216): CodeIgniter\View\View->CodeIgniter\View\{closure}()
 5 SYSTEMPATH\Common.php(1135): CodeIgniter\View\View->render('projekte', [], true)
 6 APPPATH\Controllers\Projekte.php(15): view('projekte', [...])
 7 SYSTEMPATH\CodeIgniter.php(925): App\Controllers\Projekte->index()
 8 SYSTEMPATH\CodeIgniter.php(480): CodeIgniter\CodeIgniter->runController(Object(App\Controllers\Projekte))
 9 SYSTEMPATH\CodeIgniter.php(349): CodeIgniter\CodeIgniter->handleRequest(null, Object(Config\Cache), false)
10 FCPATH\index.php(67): CodeIgniter\CodeIgniter->run()
CRITICAL - 2023-01-28 08:05:09 --> Trying to access array offset on value of type null
in APPPATH\Views\templates\navbar.php on line 12.
 1 APPPATH\Views\templates\navbar.php(12): CodeIgniter\Debug\Exceptions->errorHandler(2, 'Trying to access array offset on value of type null', 'APPPATH\\Views\\templates\\navbar.php', 12)
 2 APPPATH\Views\projekte.php(39): include('APPPATH\\Views\\templates\\navbar.php')
 3 SYSTEMPATH\View\View.php(213): include('APPPATH\\Views\\projekte.php')
 4 SYSTEMPATH\View\View.php(216): CodeIgniter\View\View->CodeIgniter\View\{closure}()
 5 SYSTEMPATH\Common.php(1135): CodeIgniter\View\View->render('projekte', [], true)
 6 APPPATH\Controllers\Projekte.php(15): view('projekte', [...])
 7 SYSTEMPATH\CodeIgniter.php(925): App\Controllers\Projekte->index()
 8 SYSTEMPATH\CodeIgniter.php(480): CodeIgniter\CodeIgniter->runController(Object(App\Controllers\Projekte))
 9 SYSTEMPATH\CodeIgniter.php(349): CodeIgniter\CodeIgniter->handleRequest(null, Object(Config\Cache), false)
10 FCPATH\index.php(67): CodeIgniter\CodeIgniter->run()
