CRITICAL - 2023-01-22 04:12:51 --> syntax error, unexpected token "{", expecting ")"
in APPPATH\Controllers\Aufgaben.php on line 26.
 1 SYSTEMPATH\Autoloader\Autoloader.php(260): CodeIgniter\Autoloader\Autoloader->includeFile('APPPATH\\Controllers\\Aufgaben.php')
 2 SYSTEMPATH\Autoloader\Autoloader.php(238): CodeIgniter\Autoloader\Autoloader->loadInNamespace('App\\Controllers\\Aufgaben')
 3 [internal function]: CodeIgniter\Autoloader\Autoloader->loadClass('App\\Controllers\\Aufgaben')
 4 SYSTEMPATH\CodeIgniter.php(875): class_exists('\\App\\Controllers\\Aufgaben', true)
 5 SYSTEMPATH\CodeIgniter.php(467): CodeIgniter\CodeIgniter->startController()
 6 SYSTEMPATH\CodeIgniter.php(349): CodeIgniter\CodeIgniter->handleRequest(null, Object(Config\Cache), false)
 7 FCPATH\index.php(67): CodeIgniter\CodeIgniter->run()
CRITICAL - 2023-01-22 04:13:56 --> Cannot use isset() on the result of an expression (you can use "null !== expression" instead)
in APPPATH\Controllers\Aufgaben.php on line 25.
 1 [internal function]: CodeIgniter\Debug\Exceptions->shutdownHandler()
CRITICAL - 2023-01-22 04:14:37 --> Undefined array key "ersteller"
in APPPATH\Views\aufgaben.php on line 39.
 1 APPPATH\Views\aufgaben.php(39): CodeIgniter\Debug\Exceptions->errorHandler(2, 'Undefined array key "ersteller"', 'APPPATH\\Views\\aufgaben.php', 39)
 2 SYSTEMPATH\View\View.php(213): include('APPPATH\\Views\\aufgaben.php')
 3 SYSTEMPATH\View\View.php(216): CodeIgniter\View\View->CodeIgniter\View\{closure}()
 4 SYSTEMPATH\Common.php(1135): CodeIgniter\View\View->render('aufgaben', [], true)
 5 APPPATH\Controllers\Aufgaben.php(20): view('aufgaben', [...])
 6 SYSTEMPATH\CodeIgniter.php(925): App\Controllers\Aufgaben->index()
 7 SYSTEMPATH\CodeIgniter.php(480): CodeIgniter\CodeIgniter->runController(Object(App\Controllers\Aufgaben))
 8 SYSTEMPATH\CodeIgniter.php(349): CodeIgniter\CodeIgniter->handleRequest(null, Object(Config\Cache), false)
 9 FCPATH\index.php(67): CodeIgniter\CodeIgniter->run()
CRITICAL - 2023-01-22 04:15:25 --> Array to string conversion
in APPPATH\Controllers\Aufgaben.php on line 25.
 1 APPPATH\Controllers\Aufgaben.php(25): CodeIgniter\Debug\Exceptions->errorHandler(2, 'Array to string conversion', 'APPPATH\\Controllers\\Aufgaben.php', 25)
 2 SYSTEMPATH\CodeIgniter.php(925): App\Controllers\Aufgaben->create_aufgabe()
 3 SYSTEMPATH\CodeIgniter.php(480): CodeIgniter\CodeIgniter->runController(Object(App\Controllers\Aufgaben))
 4 SYSTEMPATH\CodeIgniter.php(349): CodeIgniter\CodeIgniter->handleRequest(null, Object(Config\Cache), false)
 5 FCPATH\index.php(67): CodeIgniter\CodeIgniter->run()
CRITICAL - 2023-01-22 04:23:09 --> syntax error, unexpected token "as", expecting ";"
in APPPATH\Controllers\Aufgaben.php on line 27.
 1 SYSTEMPATH\Autoloader\Autoloader.php(260): CodeIgniter\Autoloader\Autoloader->includeFile('APPPATH\\Controllers\\Aufgaben.php')
 2 SYSTEMPATH\Autoloader\Autoloader.php(238): CodeIgniter\Autoloader\Autoloader->loadInNamespace('App\\Controllers\\Aufgaben')
 3 [internal function]: CodeIgniter\Autoloader\Autoloader->loadClass('App\\Controllers\\Aufgaben')
 4 SYSTEMPATH\CodeIgniter.php(875): class_exists('\\App\\Controllers\\Aufgaben', true)
 5 SYSTEMPATH\CodeIgniter.php(467): CodeIgniter\CodeIgniter->startController()
 6 SYSTEMPATH\CodeIgniter.php(349): CodeIgniter\CodeIgniter->handleRequest(null, Object(Config\Cache), false)
 7 FCPATH\index.php(67): CodeIgniter\CodeIgniter->run()
CRITICAL - 2023-01-22 04:23:09 --> syntax error, unexpected token "as", expecting ";"
in APPPATH\Controllers\Aufgaben.php on line 27.
 1 SYSTEMPATH\Autoloader\Autoloader.php(260): CodeIgniter\Autoloader\Autoloader->includeFile('APPPATH\\Controllers\\Aufgaben.php')
 2 SYSTEMPATH\Autoloader\Autoloader.php(238): CodeIgniter\Autoloader\Autoloader->loadInNamespace('App\\Controllers\\Aufgaben')
 3 [internal function]: CodeIgniter\Autoloader\Autoloader->loadClass('App\\Controllers\\Aufgaben')
 4 SYSTEMPATH\CodeIgniter.php(875): class_exists('\\App\\Controllers\\Aufgaben', true)
 5 SYSTEMPATH\CodeIgniter.php(467): CodeIgniter\CodeIgniter->startController()
 6 SYSTEMPATH\CodeIgniter.php(349): CodeIgniter\CodeIgniter->handleRequest(null, Object(Config\Cache), false)
 7 FCPATH\index.php(67): CodeIgniter\CodeIgniter->run()
CRITICAL - 2023-01-22 04:31:01 --> syntax error, unexpected token "}"
in APPPATH\Models\AufgabenModel.php on line 27.
 1 SYSTEMPATH\Autoloader\Autoloader.php(260): CodeIgniter\Autoloader\Autoloader->includeFile('APPPATH\\Models\\AufgabenModel.php')
 2 SYSTEMPATH\Autoloader\Autoloader.php(238): CodeIgniter\Autoloader\Autoloader->loadInNamespace('App\\Models\\AufgabenModel')
 3 APPPATH\Controllers\Aufgaben.php(13): CodeIgniter\Autoloader\Autoloader->loadClass('App\\Models\\AufgabenModel')
 4 SYSTEMPATH\CodeIgniter.php(925): App\Controllers\Aufgaben->index()
 5 SYSTEMPATH\CodeIgniter.php(480): CodeIgniter\CodeIgniter->runController(Object(App\Controllers\Aufgaben))
 6 SYSTEMPATH\CodeIgniter.php(349): CodeIgniter\CodeIgniter->handleRequest(null, Object(Config\Cache), false)
 7 FCPATH\index.php(67): CodeIgniter\CodeIgniter->run()
CRITICAL - 2023-01-22 04:31:02 --> syntax error, unexpected token "}"
in APPPATH\Models\AufgabenModel.php on line 27.
 1 SYSTEMPATH\Autoloader\Autoloader.php(260): CodeIgniter\Autoloader\Autoloader->includeFile('APPPATH\\Models\\AufgabenModel.php')
 2 SYSTEMPATH\Autoloader\Autoloader.php(238): CodeIgniter\Autoloader\Autoloader->loadInNamespace('App\\Models\\AufgabenModel')
 3 APPPATH\Controllers\Aufgaben.php(13): CodeIgniter\Autoloader\Autoloader->loadClass('App\\Models\\AufgabenModel')
 4 SYSTEMPATH\CodeIgniter.php(925): App\Controllers\Aufgaben->index()
 5 SYSTEMPATH\CodeIgniter.php(480): CodeIgniter\CodeIgniter->runController(Object(App\Controllers\Aufgaben))
 6 SYSTEMPATH\CodeIgniter.php(349): CodeIgniter\CodeIgniter->handleRequest(null, Object(Config\Cache), false)
 7 FCPATH\index.php(67): CodeIgniter\CodeIgniter->run()
CRITICAL - 2023-01-22 04:32:48 --> Call to undefined function App\Models\get_aufgabe_by_name()
in APPPATH\Models\AufgabenModel.php on line 21.
 1 APPPATH\Controllers\Aufgaben.php(27): App\Models\AufgabenModel->addData()
 2 SYSTEMPATH\CodeIgniter.php(925): App\Controllers\Aufgaben->create_aufgabe()
 3 SYSTEMPATH\CodeIgniter.php(480): CodeIgniter\CodeIgniter->runController(Object(App\Controllers\Aufgaben))
 4 SYSTEMPATH\CodeIgniter.php(349): CodeIgniter\CodeIgniter->handleRequest(null, Object(Config\Cache), false)
 5 FCPATH\index.php(67): CodeIgniter\CodeIgniter->run()
CRITICAL - 2023-01-22 04:38:50 --> Class "ReiterModel" not found
in APPPATH\Views\aufgaben.php on line 40.
 1 SYSTEMPATH\View\View.php(213): include()
 2 SYSTEMPATH\View\View.php(216): CodeIgniter\View\View->CodeIgniter\View\{closure}()
 3 SYSTEMPATH\Common.php(1135): CodeIgniter\View\View->render('aufgaben', [], true)
 4 APPPATH\Controllers\Aufgaben.php(20): view('aufgaben', [...])
 5 SYSTEMPATH\CodeIgniter.php(925): App\Controllers\Aufgaben->index()
 6 SYSTEMPATH\CodeIgniter.php(480): CodeIgniter\CodeIgniter->runController(Object(App\Controllers\Aufgaben))
 7 SYSTEMPATH\CodeIgniter.php(349): CodeIgniter\CodeIgniter->handleRequest(null, Object(Config\Cache), false)
 8 FCPATH\index.php(67): CodeIgniter\CodeIgniter->run()
CRITICAL - 2023-01-22 04:39:57 --> Undefined variable $user_id
in APPPATH\Models\ReiterModel.php on line 13.
 1 APPPATH\Models\ReiterModel.php(13): CodeIgniter\Debug\Exceptions->errorHandler(2, 'Undefined variable $user_id', 'APPPATH\\Models\\ReiterModel.php', 13)
 2 APPPATH\Views\aufgaben.php(41): App\Models\ReiterModel->get_reiter_by_id('1')
 3 SYSTEMPATH\View\View.php(213): include('APPPATH\\Views\\aufgaben.php')
 4 SYSTEMPATH\View\View.php(216): CodeIgniter\View\View->CodeIgniter\View\{closure}()
 5 SYSTEMPATH\Common.php(1135): CodeIgniter\View\View->render('aufgaben', [], true)
 6 APPPATH\Controllers\Aufgaben.php(20): view('aufgaben', [...])
 7 SYSTEMPATH\CodeIgniter.php(925): App\Controllers\Aufgaben->index()
 8 SYSTEMPATH\CodeIgniter.php(480): CodeIgniter\CodeIgniter->runController(Object(App\Controllers\Aufgaben))
 9 SYSTEMPATH\CodeIgniter.php(349): CodeIgniter\CodeIgniter->handleRequest(null, Object(Config\Cache), false)
10 FCPATH\index.php(67): CodeIgniter\CodeIgniter->run()
CRITICAL - 2023-01-22 04:40:14 --> Trying to access array offset on value of type null
in APPPATH\Views\aufgaben.php on line 99.
 1 APPPATH\Views\aufgaben.php(99): CodeIgniter\Debug\Exceptions->errorHandler(2, 'Trying to access array offset on value of type null', 'APPPATH\\Views\\aufgaben.php', 99)
 2 SYSTEMPATH\View\View.php(213): include('APPPATH\\Views\\aufgaben.php')
 3 SYSTEMPATH\View\View.php(216): CodeIgniter\View\View->CodeIgniter\View\{closure}()
 4 SYSTEMPATH\Common.php(1135): CodeIgniter\View\View->render('aufgaben', [], true)
 5 APPPATH\Controllers\Aufgaben.php(20): view('aufgaben', [...])
 6 SYSTEMPATH\CodeIgniter.php(925): App\Controllers\Aufgaben->index()
 7 SYSTEMPATH\CodeIgniter.php(480): CodeIgniter\CodeIgniter->runController(Object(App\Controllers\Aufgaben))
 8 SYSTEMPATH\CodeIgniter.php(349): CodeIgniter\CodeIgniter->handleRequest(null, Object(Config\Cache), false)
 9 FCPATH\index.php(67): CodeIgniter\CodeIgniter->run()
CRITICAL - 2023-01-22 04:53:43 --> syntax error, unexpected token "*"
in APPPATH\Models\AufgabenModel.php on line 49.
 1 SYSTEMPATH\Autoloader\Autoloader.php(260): CodeIgniter\Autoloader\Autoloader->includeFile('APPPATH\\Models\\AufgabenModel.php')
 2 SYSTEMPATH\Autoloader\Autoloader.php(238): CodeIgniter\Autoloader\Autoloader->loadInNamespace('App\\Models\\AufgabenModel')
 3 APPPATH\Controllers\Aufgaben.php(13): CodeIgniter\Autoloader\Autoloader->loadClass('App\\Models\\AufgabenModel')
 4 SYSTEMPATH\CodeIgniter.php(925): App\Controllers\Aufgaben->index()
 5 SYSTEMPATH\CodeIgniter.php(480): CodeIgniter\CodeIgniter->runController(Object(App\Controllers\Aufgaben))
 6 SYSTEMPATH\CodeIgniter.php(349): CodeIgniter\CodeIgniter->handleRequest(null, Object(Config\Cache), false)
 7 FCPATH\index.php(67): CodeIgniter\CodeIgniter->run()
CRITICAL - 2023-01-22 04:54:06 --> syntax error, unexpected token "foreach"
in APPPATH\Views\aufgaben.php on line 50.
 1 SYSTEMPATH\View\View.php(216): CodeIgniter\View\View->CodeIgniter\View\{closure}()
 2 SYSTEMPATH\Common.php(1135): CodeIgniter\View\View->render('aufgaben', [], true)
 3 APPPATH\Controllers\Aufgaben.php(20): view('aufgaben', [...])
 4 SYSTEMPATH\CodeIgniter.php(925): App\Controllers\Aufgaben->index()
 5 SYSTEMPATH\CodeIgniter.php(480): CodeIgniter\CodeIgniter->runController(Object(App\Controllers\Aufgaben))
 6 SYSTEMPATH\CodeIgniter.php(349): CodeIgniter\CodeIgniter->handleRequest(null, Object(Config\Cache), false)
 7 FCPATH\index.php(67): CodeIgniter\CodeIgniter->run()
CRITICAL - 2023-01-22 05:11:52 --> Call to undefined method CodeIgniter\Database\MySQLi\Builder::getRowArray()
in APPPATH\Models\AufgabenModel.php on line 55.
 1 APPPATH\Views\aufgaben.php(49): App\Models\AufgabenModel->get_assigned_mitglieder('1')
 2 SYSTEMPATH\View\View.php(213): include('APPPATH\\Views\\aufgaben.php')
 3 SYSTEMPATH\View\View.php(216): CodeIgniter\View\View->CodeIgniter\View\{closure}()
 4 SYSTEMPATH\Common.php(1135): CodeIgniter\View\View->render('aufgaben', [], true)
 5 APPPATH\Controllers\Aufgaben.php(20): view('aufgaben', [...])
 6 SYSTEMPATH\CodeIgniter.php(925): App\Controllers\Aufgaben->index()
 7 SYSTEMPATH\CodeIgniter.php(480): CodeIgniter\CodeIgniter->runController(Object(App\Controllers\Aufgaben))
 8 SYSTEMPATH\CodeIgniter.php(349): CodeIgniter\CodeIgniter->handleRequest(null, Object(Config\Cache), false)
 9 FCPATH\index.php(67): CodeIgniter\CodeIgniter->run()
CRITICAL - 2023-01-22 05:13:22 --> Call to undefined method CodeIgniter\Database\MySQLi\Builder::getResultArray()
in APPPATH\Models\AufgabenModel.php on line 53.
 1 APPPATH\Views\aufgaben.php(49): App\Models\AufgabenModel->get_assigned_mitglieder('1')
 2 SYSTEMPATH\View\View.php(213): include('APPPATH\\Views\\aufgaben.php')
 3 SYSTEMPATH\View\View.php(216): CodeIgniter\View\View->CodeIgniter\View\{closure}()
 4 SYSTEMPATH\Common.php(1135): CodeIgniter\View\View->render('aufgaben', [], true)
 5 APPPATH\Controllers\Aufgaben.php(20): view('aufgaben', [...])
 6 SYSTEMPATH\CodeIgniter.php(925): App\Controllers\Aufgaben->index()
 7 SYSTEMPATH\CodeIgniter.php(480): CodeIgniter\CodeIgniter->runController(Object(App\Controllers\Aufgaben))
 8 SYSTEMPATH\CodeIgniter.php(349): CodeIgniter\CodeIgniter->handleRequest(null, Object(Config\Cache), false)
 9 FCPATH\index.php(67): CodeIgniter\CodeIgniter->run()
CRITICAL - 2023-01-22 05:15:00 --> foreach() argument must be of type array|object, null given
in APPPATH\Views\aufgaben.php on line 51.
 1 APPPATH\Views\aufgaben.php(51): CodeIgniter\Debug\Exceptions->errorHandler(2, 'foreach() argument must be of type array|object, null given', 'APPPATH\\Views\\aufgaben.php', 51)
 2 SYSTEMPATH\View\View.php(213): include('APPPATH\\Views\\aufgaben.php')
 3 SYSTEMPATH\View\View.php(216): CodeIgniter\View\View->CodeIgniter\View\{closure}()
 4 SYSTEMPATH\Common.php(1135): CodeIgniter\View\View->render('aufgaben', [], true)
 5 APPPATH\Controllers\Aufgaben.php(20): view('aufgaben', [...])
 6 SYSTEMPATH\CodeIgniter.php(925): App\Controllers\Aufgaben->index()
 7 SYSTEMPATH\CodeIgniter.php(480): CodeIgniter\CodeIgniter->runController(Object(App\Controllers\Aufgaben))
 8 SYSTEMPATH\CodeIgniter.php(349): CodeIgniter\CodeIgniter->handleRequest(null, Object(Config\Cache), false)
 9 FCPATH\index.php(67): CodeIgniter\CodeIgniter->run()
CRITICAL - 2023-01-22 05:16:53 --> Trying to access array offset on value of type null
in APPPATH\Views\aufgaben.php on line 53.
 1 APPPATH\Views\aufgaben.php(53): CodeIgniter\Debug\Exceptions->errorHandler(2, 'Trying to access array offset on value of type null', 'APPPATH\\Views\\aufgaben.php', 53)
 2 SYSTEMPATH\View\View.php(213): include('APPPATH\\Views\\aufgaben.php')
 3 SYSTEMPATH\View\View.php(216): CodeIgniter\View\View->CodeIgniter\View\{closure}()
 4 SYSTEMPATH\Common.php(1135): CodeIgniter\View\View->render('aufgaben', [], true)
 5 APPPATH\Controllers\Aufgaben.php(20): view('aufgaben', [...])
 6 SYSTEMPATH\CodeIgniter.php(925): App\Controllers\Aufgaben->index()
 7 SYSTEMPATH\CodeIgniter.php(480): CodeIgniter\CodeIgniter->runController(Object(App\Controllers\Aufgaben))
 8 SYSTEMPATH\CodeIgniter.php(349): CodeIgniter\CodeIgniter->handleRequest(null, Object(Config\Cache), false)
 9 FCPATH\index.php(67): CodeIgniter\CodeIgniter->run()
CRITICAL - 2023-01-22 05:17:49 --> Trying to access array offset on value of type null
in APPPATH\Views\aufgaben.php on line 53.
 1 APPPATH\Views\aufgaben.php(53): CodeIgniter\Debug\Exceptions->errorHandler(2, 'Trying to access array offset on value of type null', 'APPPATH\\Views\\aufgaben.php', 53)
 2 SYSTEMPATH\View\View.php(213): include('APPPATH\\Views\\aufgaben.php')
 3 SYSTEMPATH\View\View.php(216): CodeIgniter\View\View->CodeIgniter\View\{closure}()
 4 SYSTEMPATH\Common.php(1135): CodeIgniter\View\View->render('aufgaben', [], true)
 5 APPPATH\Controllers\Aufgaben.php(20): view('aufgaben', [...])
 6 SYSTEMPATH\CodeIgniter.php(925): App\Controllers\Aufgaben->index()
 7 SYSTEMPATH\CodeIgniter.php(480): CodeIgniter\CodeIgniter->runController(Object(App\Controllers\Aufgaben))
 8 SYSTEMPATH\CodeIgniter.php(349): CodeIgniter\CodeIgniter->handleRequest(null, Object(Config\Cache), false)
 9 FCPATH\index.php(67): CodeIgniter\CodeIgniter->run()
CRITICAL - 2023-01-22 05:17:54 --> Trying to access array offset on value of type null
in APPPATH\Views\aufgaben.php on line 53.
 1 APPPATH\Views\aufgaben.php(53): CodeIgniter\Debug\Exceptions->errorHandler(2, 'Trying to access array offset on value of type null', 'APPPATH\\Views\\aufgaben.php', 53)
 2 SYSTEMPATH\View\View.php(213): include('APPPATH\\Views\\aufgaben.php')
 3 SYSTEMPATH\View\View.php(216): CodeIgniter\View\View->CodeIgniter\View\{closure}()
 4 SYSTEMPATH\Common.php(1135): CodeIgniter\View\View->render('aufgaben', [], true)
 5 APPPATH\Controllers\Aufgaben.php(20): view('aufgaben', [...])
 6 SYSTEMPATH\CodeIgniter.php(925): App\Controllers\Aufgaben->index()
 7 SYSTEMPATH\CodeIgniter.php(480): CodeIgniter\CodeIgniter->runController(Object(App\Controllers\Aufgaben))
 8 SYSTEMPATH\CodeIgniter.php(349): CodeIgniter\CodeIgniter->handleRequest(null, Object(Config\Cache), false)
 9 FCPATH\index.php(67): CodeIgniter\CodeIgniter->run()
CRITICAL - 2023-01-22 05:18:56 --> syntax error, unexpected identifier "var_dump"
in APPPATH\Views\aufgaben.php on line 50.
 1 SYSTEMPATH\View\View.php(216): CodeIgniter\View\View->CodeIgniter\View\{closure}()
 2 SYSTEMPATH\Common.php(1135): CodeIgniter\View\View->render('aufgaben', [], true)
 3 APPPATH\Controllers\Aufgaben.php(20): view('aufgaben', [...])
 4 SYSTEMPATH\CodeIgniter.php(925): App\Controllers\Aufgaben->index()
 5 SYSTEMPATH\CodeIgniter.php(480): CodeIgniter\CodeIgniter->runController(Object(App\Controllers\Aufgaben))
 6 SYSTEMPATH\CodeIgniter.php(349): CodeIgniter\CodeIgniter->handleRequest(null, Object(Config\Cache), false)
 7 FCPATH\index.php(67): CodeIgniter\CodeIgniter->run()
CRITICAL - 2023-01-22 05:19:28 --> syntax error, unexpected token "echo"
in APPPATH\Views\aufgaben.php on line 50.
 1 SYSTEMPATH\View\View.php(216): CodeIgniter\View\View->CodeIgniter\View\{closure}()
 2 SYSTEMPATH\Common.php(1135): CodeIgniter\View\View->render('aufgaben', [], true)
 3 APPPATH\Controllers\Aufgaben.php(20): view('aufgaben', [...])
 4 SYSTEMPATH\CodeIgniter.php(925): App\Controllers\Aufgaben->index()
 5 SYSTEMPATH\CodeIgniter.php(480): CodeIgniter\CodeIgniter->runController(Object(App\Controllers\Aufgaben))
 6 SYSTEMPATH\CodeIgniter.php(349): CodeIgniter\CodeIgniter->handleRequest(null, Object(Config\Cache), false)
 7 FCPATH\index.php(67): CodeIgniter\CodeIgniter->run()
ERROR - 2023-01-22 05:22:31 --> mysqli_sql_exception: Unknown column '$aufgaben_id' in 'where clause' in C:\xampp\htdocs\web-vorlesung\ci\system\Database\MySQLi\Connection.php:292
Stack trace:
#0 C:\xampp\htdocs\web-vorlesung\ci\system\Database\MySQLi\Connection.php(292): mysqli->query('SELECT mitglied...', 0)
#1 C:\xampp\htdocs\web-vorlesung\ci\system\Database\BaseConnection.php(666): CodeIgniter\Database\MySQLi\Connection->execute('SELECT mitglied...')
#2 C:\xampp\htdocs\web-vorlesung\ci\system\Database\BaseConnection.php(593): CodeIgniter\Database\BaseConnection->simpleQuery('SELECT mitglied...')
#3 C:\xampp\htdocs\web-vorlesung\ci\app\Models\AufgabenModel.php(48): CodeIgniter\Database\BaseConnection->query('SELECT mitglied...')
#4 C:\xampp\htdocs\web-vorlesung\ci\app\Views\aufgaben.php(49): App\Models\AufgabenModel->get_assigned_mitglieder('5')
#5 C:\xampp\htdocs\web-vorlesung\ci\system\View\View.php(213): include('C:\\xampp\\htdocs...')
#6 C:\xampp\htdocs\web-vorlesung\ci\system\View\View.php(216): CodeIgniter\View\View->CodeIgniter\View\{closure}()
#7 C:\xampp\htdocs\web-vorlesung\ci\system\Common.php(1135): CodeIgniter\View\View->render('aufgaben', Array, true)
#8 C:\xampp\htdocs\web-vorlesung\ci\app\Controllers\Aufgaben.php(20): view('aufgaben', Array)
#9 C:\xampp\htdocs\web-vorlesung\ci\system\CodeIgniter.php(925): App\Controllers\Aufgaben->index()
#10 C:\xampp\htdocs\web-vorlesung\ci\system\CodeIgniter.php(480): CodeIgniter\CodeIgniter->runController(Object(App\Controllers\Aufgaben))
#11 C:\xampp\htdocs\web-vorlesung\ci\system\CodeIgniter.php(349): CodeIgniter\CodeIgniter->handleRequest(NULL, Object(Config\Cache), false)
#12 C:\xampp\htdocs\web-vorlesung\ci\public\index.php(67): CodeIgniter\CodeIgniter->run()
#13 {main}
CRITICAL - 2023-01-22 05:22:31 --> Unknown column '$aufgaben_id' in 'where clause'
in SYSTEMPATH\Database\MySQLi\Connection.php on line 292.
 1 SYSTEMPATH\Database\MySQLi\Connection.php(292): mysqli->query('SELECT mitglied from hat_aufgabe WHERE aufgabe = $aufgaben_id', 0)
 2 SYSTEMPATH\Database\BaseConnection.php(666): CodeIgniter\Database\MySQLi\Connection->execute('SELECT mitglied from hat_aufgabe WHERE aufgabe = $aufgaben_id')
 3 SYSTEMPATH\Database\BaseConnection.php(593): CodeIgniter\Database\BaseConnection->simpleQuery('SELECT mitglied from hat_aufgabe WHERE aufgabe = $aufgaben_id')
 4 APPPATH\Models\AufgabenModel.php(48): CodeIgniter\Database\BaseConnection->query('SELECT mitglied from hat_aufgabe WHERE aufgabe = $aufgaben_id')
 5 APPPATH\Views\aufgaben.php(49): App\Models\AufgabenModel->get_assigned_mitglieder('5')
 6 SYSTEMPATH\View\View.php(213): include('APPPATH\\Views\\aufgaben.php')
 7 SYSTEMPATH\View\View.php(216): CodeIgniter\View\View->CodeIgniter\View\{closure}()
 8 SYSTEMPATH\Common.php(1135): CodeIgniter\View\View->render('aufgaben', [], true)
 9 APPPATH\Controllers\Aufgaben.php(20): view('aufgaben', [...])
10 SYSTEMPATH\CodeIgniter.php(925): App\Controllers\Aufgaben->index()
11 SYSTEMPATH\CodeIgniter.php(480): CodeIgniter\CodeIgniter->runController(Object(App\Controllers\Aufgaben))
12 SYSTEMPATH\CodeIgniter.php(349): CodeIgniter\CodeIgniter->handleRequest(null, Object(Config\Cache), false)
13 FCPATH\index.php(67): CodeIgniter\CodeIgniter->run()
CRITICAL - 2023-01-22 05:23:27 --> Call to undefined method CodeIgniter\Database\MySQLi\Builder::getResultArray()
in APPPATH\Models\AufgabenModel.php on line 51.
 1 APPPATH\Views\aufgaben.php(49): App\Models\AufgabenModel->get_assigned_mitglieder('5')
 2 SYSTEMPATH\View\View.php(213): include('APPPATH\\Views\\aufgaben.php')
 3 SYSTEMPATH\View\View.php(216): CodeIgniter\View\View->CodeIgniter\View\{closure}()
 4 SYSTEMPATH\Common.php(1135): CodeIgniter\View\View->render('aufgaben', [], true)
 5 APPPATH\Controllers\Aufgaben.php(20): view('aufgaben', [...])
 6 SYSTEMPATH\CodeIgniter.php(925): App\Controllers\Aufgaben->index()
 7 SYSTEMPATH\CodeIgniter.php(480): CodeIgniter\CodeIgniter->runController(Object(App\Controllers\Aufgaben))
 8 SYSTEMPATH\CodeIgniter.php(349): CodeIgniter\CodeIgniter->handleRequest(null, Object(Config\Cache), false)
 9 FCPATH\index.php(67): CodeIgniter\CodeIgniter->run()
CRITICAL - 2023-01-22 05:23:50 --> Call to undefined method CodeIgniter\Database\MySQLi\Builder::getResultArray()
in APPPATH\Models\AufgabenModel.php on line 52.
 1 APPPATH\Views\aufgaben.php(49): App\Models\AufgabenModel->get_assigned_mitglieder('5')
 2 SYSTEMPATH\View\View.php(213): include('APPPATH\\Views\\aufgaben.php')
 3 SYSTEMPATH\View\View.php(216): CodeIgniter\View\View->CodeIgniter\View\{closure}()
 4 SYSTEMPATH\Common.php(1135): CodeIgniter\View\View->render('aufgaben', [], true)
 5 APPPATH\Controllers\Aufgaben.php(20): view('aufgaben', [...])
 6 SYSTEMPATH\CodeIgniter.php(925): App\Controllers\Aufgaben->index()
 7 SYSTEMPATH\CodeIgniter.php(480): CodeIgniter\CodeIgniter->runController(Object(App\Controllers\Aufgaben))
 8 SYSTEMPATH\CodeIgniter.php(349): CodeIgniter\CodeIgniter->handleRequest(null, Object(Config\Cache), false)
 9 FCPATH\index.php(67): CodeIgniter\CodeIgniter->run()
CRITICAL - 2023-01-22 08:01:02 --> Call to undefined method CodeIgniter\Database\MySQLi\Builder::getResultArray()
in APPPATH\Models\AufgabenModel.php on line 52.
 1 APPPATH\Views\aufgaben.php(49): App\Models\AufgabenModel->get_assigned_mitglieder('5')
 2 SYSTEMPATH\View\View.php(213): include('APPPATH\\Views\\aufgaben.php')
 3 SYSTEMPATH\View\View.php(216): CodeIgniter\View\View->CodeIgniter\View\{closure}()
 4 SYSTEMPATH\Common.php(1135): CodeIgniter\View\View->render('aufgaben', [], true)
 5 APPPATH\Controllers\Aufgaben.php(20): view('aufgaben', [...])
 6 SYSTEMPATH\CodeIgniter.php(925): App\Controllers\Aufgaben->index()
 7 SYSTEMPATH\CodeIgniter.php(480): CodeIgniter\CodeIgniter->runController(Object(App\Controllers\Aufgaben))
 8 SYSTEMPATH\CodeIgniter.php(349): CodeIgniter\CodeIgniter->handleRequest(null, Object(Config\Cache), false)
 9 FCPATH\index.php(67): CodeIgniter\CodeIgniter->run()
CRITICAL - 2023-01-22 09:23:12 --> Undefined variable $user
in APPPATH\Views\edit_user.php on line 22.
 1 APPPATH\Views\edit_user.php(22): CodeIgniter\Debug\Exceptions->errorHandler(2, 'Undefined variable $user', 'APPPATH\\Views\\edit_user.php', 22)
 2 SYSTEMPATH\View\View.php(213): include('APPPATH\\Views\\edit_user.php')
 3 SYSTEMPATH\View\View.php(216): CodeIgniter\View\View->CodeIgniter\View\{closure}()
 4 SYSTEMPATH\Common.php(1135): CodeIgniter\View\View->render('edit_user', [], true)
 5 APPPATH\Controllers\Aufgaben.php(42): view('edit_user', [...])
 6 SYSTEMPATH\CodeIgniter.php(925): App\Controllers\Aufgaben->edit_aufgabe()
 7 SYSTEMPATH\CodeIgniter.php(480): CodeIgniter\CodeIgniter->runController(Object(App\Controllers\Aufgaben))
 8 SYSTEMPATH\CodeIgniter.php(349): CodeIgniter\CodeIgniter->handleRequest(null, Object(Config\Cache), false)
 9 FCPATH\index.php(67): CodeIgniter\CodeIgniter->run()
CRITICAL - 2023-01-22 09:23:36 --> Undefined array key "erstelungsdatum"
in APPPATH\Views\edit_aufgabe.php on line 47.
 1 APPPATH\Views\edit_aufgabe.php(47): CodeIgniter\Debug\Exceptions->errorHandler(2, 'Undefined array key "erstelungsdatum"', 'APPPATH\\Views\\edit_aufgabe.php', 47)
 2 SYSTEMPATH\View\View.php(213): include('APPPATH\\Views\\edit_aufgabe.php')
 3 SYSTEMPATH\View\View.php(216): CodeIgniter\View\View->CodeIgniter\View\{closure}()
 4 SYSTEMPATH\Common.php(1135): CodeIgniter\View\View->render('edit_aufgabe', [], true)
 5 APPPATH\Controllers\Aufgaben.php(42): view('edit_aufgabe', [...])
 6 SYSTEMPATH\CodeIgniter.php(925): App\Controllers\Aufgaben->edit_aufgabe()
 7 SYSTEMPATH\CodeIgniter.php(480): CodeIgniter\CodeIgniter->runController(Object(App\Controllers\Aufgaben))
 8 SYSTEMPATH\CodeIgniter.php(349): CodeIgniter\CodeIgniter->handleRequest(null, Object(Config\Cache), false)
 9 FCPATH\index.php(67): CodeIgniter\CodeIgniter->run()
CRITICAL - 2023-01-22 09:38:39 --> Undefined variable $roues
in APPPATH\Config\Routes.php on line 56.
 1 APPPATH\Config\Routes.php(56): CodeIgniter\Debug\Exceptions->errorHandler(2, 'Undefined variable $roues', 'APPPATH\\Config\\Routes.php', 56)
 2 SYSTEMPATH\CodeIgniter.php(787): require('APPPATH\\Config\\Routes.php')
 3 SYSTEMPATH\CodeIgniter.php(428): CodeIgniter\CodeIgniter->tryToRouteIt(Object(CodeIgniter\Router\RouteCollection))
 4 SYSTEMPATH\CodeIgniter.php(349): CodeIgniter\CodeIgniter->handleRequest(null, Object(Config\Cache), false)
 5 FCPATH\index.php(67): CodeIgniter\CodeIgniter->run()
CRITICAL - 2023-01-22 09:38:39 --> Undefined variable $roues
in APPPATH\Config\Routes.php on line 56.
 1 APPPATH\Config\Routes.php(56): CodeIgniter\Debug\Exceptions->errorHandler(2, 'Undefined variable $roues', 'APPPATH\\Config\\Routes.php', 56)
 2 SYSTEMPATH\CodeIgniter.php(787): require('APPPATH\\Config\\Routes.php')
 3 SYSTEMPATH\CodeIgniter.php(428): CodeIgniter\CodeIgniter->tryToRouteIt(Object(CodeIgniter\Router\RouteCollection))
 4 SYSTEMPATH\CodeIgniter.php(349): CodeIgniter\CodeIgniter->handleRequest(null, Object(Config\Cache), false)
 5 FCPATH\index.php(67): CodeIgniter\CodeIgniter->run()
CRITICAL - 2023-01-22 12:13:33 --> Object of class mysqli could not be converted to string
in SYSTEMPATH\Database\Query.php on line 335.
 1 SYSTEMPATH\Database\Query.php(335): strtr('SELECT *
FROM `mitglieder`
WHERE `id` = :id:', [...])
 2 SYSTEMPATH\Database\Query.php(310): CodeIgniter\Database\Query->matchNamedBinds('SELECT *
FROM `mitglieder`
WHERE `id` = :id:', [...])
 3 SYSTEMPATH\Database\Query.php(159): CodeIgniter\Database\Query->compileBinds()
 4 SYSTEMPATH\Database\BaseConnection.php(593): CodeIgniter\Database\Query->getQuery()
 5 SYSTEMPATH\Database\BaseBuilder.php(1585): CodeIgniter\Database\BaseConnection->query('SELECT *
FROM `mitglieder`
WHERE `id` = :id:', [...], false)
 6 APPPATH\Models\MitgliederModel.php(36): CodeIgniter\Database\BaseBuilder->get()
 7 APPPATH\Views\aufgaben.php(54): App\Models\MitgliederModel->get_user(Object(mysqli))
 8 SYSTEMPATH\View\View.php(213): include('APPPATH\\Views\\aufgaben.php')
 9 SYSTEMPATH\View\View.php(216): CodeIgniter\View\View->CodeIgniter\View\{closure}()
10 SYSTEMPATH\Common.php(1135): CodeIgniter\View\View->render('aufgaben', [], true)
11 APPPATH\Controllers\Aufgaben.php(20): view('aufgaben', [...])
12 SYSTEMPATH\CodeIgniter.php(925): App\Controllers\Aufgaben->index()
13 SYSTEMPATH\CodeIgniter.php(480): CodeIgniter\CodeIgniter->runController(Object(App\Controllers\Aufgaben))
14 SYSTEMPATH\CodeIgniter.php(349): CodeIgniter\CodeIgniter->handleRequest(null, Object(Config\Cache), false)
15 FCPATH\index.php(67): CodeIgniter\CodeIgniter->run()
CRITICAL - 2023-01-22 12:13:33 --> Object of class mysqli could not be converted to string
in SYSTEMPATH\Database\Query.php on line 335.
 1 SYSTEMPATH\Database\Query.php(335): strtr('SELECT *
FROM `mitglieder`
WHERE `id` = :id:', [...])
 2 SYSTEMPATH\Database\Query.php(310): CodeIgniter\Database\Query->matchNamedBinds('SELECT *
FROM `mitglieder`
WHERE `id` = :id:', [...])
 3 SYSTEMPATH\Database\Query.php(159): CodeIgniter\Database\Query->compileBinds()
 4 SYSTEMPATH\Database\BaseConnection.php(593): CodeIgniter\Database\Query->getQuery()
 5 SYSTEMPATH\Database\BaseBuilder.php(1585): CodeIgniter\Database\BaseConnection->query('SELECT *
FROM `mitglieder`
WHERE `id` = :id:', [...], false)
 6 APPPATH\Models\MitgliederModel.php(36): CodeIgniter\Database\BaseBuilder->get()
 7 APPPATH\Views\aufgaben.php(54): App\Models\MitgliederModel->get_user(Object(mysqli))
 8 SYSTEMPATH\View\View.php(213): include('APPPATH\\Views\\aufgaben.php')
 9 SYSTEMPATH\View\View.php(216): CodeIgniter\View\View->CodeIgniter\View\{closure}()
10 SYSTEMPATH\Common.php(1135): CodeIgniter\View\View->render('aufgaben', [], true)
11 APPPATH\Controllers\Aufgaben.php(20): view('aufgaben', [...])
12 SYSTEMPATH\CodeIgniter.php(925): App\Controllers\Aufgaben->index()
13 SYSTEMPATH\CodeIgniter.php(480): CodeIgniter\CodeIgniter->runController(Object(App\Controllers\Aufgaben))
14 SYSTEMPATH\CodeIgniter.php(349): CodeIgniter\CodeIgniter->handleRequest(null, Object(Config\Cache), false)
15 FCPATH\index.php(67): CodeIgniter\CodeIgniter->run()
CRITICAL - 2023-01-22 13:21:46 --> You must set the database table to be used with your query.
in SYSTEMPATH\Database\BaseConnection.php on line 845.
 1 SYSTEMPATH\Model.php(611): CodeIgniter\Database\BaseConnection->table(null)
 2 SYSTEMPATH\Model.php(797): CodeIgniter\Model->builder()
 3 APPPATH\Controllers\Reiter.php(27): CodeIgniter\Model->__call('delete_aufgabe_by_id', [...])
 4 SYSTEMPATH\CodeIgniter.php(925): App\Controllers\Reiter->edit_reiter()
 5 SYSTEMPATH\CodeIgniter.php(480): CodeIgniter\CodeIgniter->runController(Object(App\Controllers\Reiter))
 6 SYSTEMPATH\CodeIgniter.php(349): CodeIgniter\CodeIgniter->handleRequest(null, Object(Config\Cache), false)
 7 FCPATH\index.php(67): CodeIgniter\CodeIgniter->run()
